<?xml version="1.0" encoding="UTF-8"?>
<testng-results skipped="0" failed="1" total="1" passed="0">
  <reporter-output>
  </reporter-output>
  <suite name="Default suite" duration-ms="122460" started-at="2015-10-16T11:32:48Z" finished-at="2015-10-16T11:34:50Z">
    <groups>
    </groups>
    <test name="Default test" duration-ms="122460" started-at="2015-10-16T11:32:48Z" finished-at="2015-10-16T11:34:50Z">
      <class name="com.wbl.tests.Mobile.RegistrationPageTest">
        <test-method status="PASS" signature="setUp()[pri:0, instance:com.wbl.tests.Mobile.RegistrationPageTest@3c5a99da]" name="setUp" is-config="true" duration-ms="84277" started-at="2015-10-16T04:32:48Z" finished-at="2015-10-16T04:34:12Z">
          <reporter-output>
          </reporter-output>
        </test-method> <!-- setUp -->
        <test-method status="PASS" signature="setUpClass()[pri:0, instance:com.wbl.tests.Mobile.RegistrationPageTest@3c5a99da]" name="setUpClass" is-config="true" duration-ms="17" started-at="2015-10-16T04:34:12Z" finished-at="2015-10-16T04:34:12Z">
          <reporter-output>
          </reporter-output>
        </test-method> <!-- setUpClass -->
        <test-method status="FAIL" signature="test2(java.lang.String, java.lang.String, java.lang.String, java.lang.String, java.lang.String)[pri:0, instance:com.wbl.tests.Mobile.RegistrationPageTest@3c5a99da]" name="test2" duration-ms="29917" started-at="2015-10-16T04:34:12Z" data-provider="Fillform" finished-at="2015-10-16T04:34:42Z">
          <params>
            <param index="0">
              <value>
                <![CDATA[whiteBox]]>
              </value>
            </param>
            <param index="1">
              <value>
                <![CDATA[Box@g.com]]>
              </value>
            </param>
            <param index="2">
              <value>
                <![CDATA[whiteboxqa]]>
              </value>
            </param>
            <param index="3">
              <value>
                <![CDATA[innovapath]]>
              </value>
            </param>
            <param index="4">
              <value>
                <![CDATA[Java]]>
              </value>
            </param>
          </params>
          <exception class="org.openqa.selenium.NoSuchElementException">
            <message>
              <![CDATA[An element could not be located on the page using the given search parameters. (WARNING: The server did not provide any stacktrace information)
Command duration or timeout: 2.67 seconds
For documentation on this error, please visit: http://seleniumhq.org/exceptions/no_such_element.html
Build info: version: '2.45.0', revision: '32a636c', time: '2015-03-05 22:01:35'
System info: host: 'home', ip: '192.168.1.17', os.name: 'Windows 10', os.arch: 'amd64', os.version: '10.0', java.version: '1.8.0_60'
Driver info: io.appium.java_client.android.AndroidDriver
Capabilities [{appPackage=io.selendroid.testapp, networkConnectionEnabled=true, warnings={}, databaseEnabled=false, deviceName=emulator-5554, platform=LINUX, appActivity=io.selendroid.testapp.HomeScreenActivity, desired={appPackage=io.selendroid.testapp, appActivity=io.selendroid.testapp.HomeScreenActivity, platformVersion=4.4, platformName=Android, deviceName=sample1}, platformVersion=4.4.4, webStorageEnabled=false, locationContextEnabled=false, browserName=Android, takesScreenshot=true, javascriptEnabled=true, platformName=Android}]
Session ID: cd3eb1a6-69c3-44af-9061-751e92f3146f
*** Element info: {Using=id, value=io.selendroid.testapp:id/inputUsername}]]>
            </message>
            <full-stacktrace>
              <![CDATA[org.openqa.selenium.NoSuchElementException: An element could not be located on the page using the given search parameters. (WARNING: The server did not provide any stacktrace information)
Command duration or timeout: 2.67 seconds
For documentation on this error, please visit: http://seleniumhq.org/exceptions/no_such_element.html
Build info: version: '2.45.0', revision: '32a636c', time: '2015-03-05 22:01:35'
System info: host: 'home', ip: '192.168.1.17', os.name: 'Windows 10', os.arch: 'amd64', os.version: '10.0', java.version: '1.8.0_60'
Driver info: io.appium.java_client.android.AndroidDriver
Capabilities [{appPackage=io.selendroid.testapp, networkConnectionEnabled=true, warnings={}, databaseEnabled=false, deviceName=emulator-5554, platform=LINUX, appActivity=io.selendroid.testapp.HomeScreenActivity, desired={appPackage=io.selendroid.testapp, appActivity=io.selendroid.testapp.HomeScreenActivity, platformVersion=4.4, platformName=Android, deviceName=sample1}, platformVersion=4.4.4, webStorageEnabled=false, locationContextEnabled=false, browserName=Android, takesScreenshot=true, javascriptEnabled=true, platformName=Android}]
Session ID: cd3eb1a6-69c3-44af-9061-751e92f3146f
*** Element info: {Using=id, value=io.selendroid.testapp:id/inputUsername}
	at sun.reflect.NativeConstructorAccessorImpl.newInstance0(Native Method)
	at sun.reflect.NativeConstructorAccessorImpl.newInstance(Unknown Source)
	at sun.reflect.DelegatingConstructorAccessorImpl.newInstance(Unknown Source)
	at java.lang.reflect.Constructor.newInstance(Unknown Source)
	at org.openqa.selenium.remote.ErrorHandler.createThrowable(ErrorHandler.java:204)
	at org.openqa.selenium.remote.ErrorHandler.throwIfResponseFailed(ErrorHandler.java:156)
	at org.openqa.selenium.remote.RemoteWebDriver.execute(RemoteWebDriver.java:599)
	at io.appium.java_client.AppiumDriver.execute(AppiumDriver.java:180)
	at org.openqa.selenium.remote.RemoteWebDriver.findElement(RemoteWebDriver.java:352)
	at org.openqa.selenium.remote.RemoteWebDriver.findElementById(RemoteWebDriver.java:393)
	at org.openqa.selenium.By$ById.findElement(By.java:214)
	at org.openqa.selenium.remote.RemoteWebDriver.findElement(RemoteWebDriver.java:344)
	at com.wbl.pages.Mobile.RegistrationPage.enterUserName(RegistrationPage.java:35)
	at com.wbl.tests.Mobile.RegistrationPageTest.test2(RegistrationPageTest.java:19)
	at sun.reflect.NativeMethodAccessorImpl.invoke0(Native Method)
	at sun.reflect.NativeMethodAccessorImpl.invoke(Unknown Source)
	at sun.reflect.DelegatingMethodAccessorImpl.invoke(Unknown Source)
	at java.lang.reflect.Method.invoke(Unknown Source)
	at org.testng.internal.MethodInvocationHelper.invokeMethod(MethodInvocationHelper.java:84)
	at org.testng.internal.Invoker.invokeMethod(Invoker.java:714)
	at org.testng.internal.Invoker.invokeTestMethod(Invoker.java:901)
	at org.testng.internal.Invoker.invokeTestMethods(Invoker.java:1231)
	at org.testng.internal.TestMethodWorker.invokeTestMethods(TestMethodWorker.java:127)
	at org.testng.internal.TestMethodWorker.run(TestMethodWorker.java:111)
	at org.testng.TestRunner.privateRun(TestRunner.java:767)
	at org.testng.TestRunner.run(TestRunner.java:617)
	at org.testng.SuiteRunner.runTest(SuiteRunner.java:334)
	at org.testng.SuiteRunner.runSequentially(SuiteRunner.java:329)
	at org.testng.SuiteRunner.privateRun(SuiteRunner.java:291)
	at org.testng.SuiteRunner.run(SuiteRunner.java:240)
	at org.testng.SuiteRunnerWorker.runSuite(SuiteRunnerWorker.java:52)
	at org.testng.SuiteRunnerWorker.run(SuiteRunnerWorker.java:86)
	at org.testng.TestNG.runSuitesSequentially(TestNG.java:1224)
	at org.testng.TestNG.runSuitesLocally(TestNG.java:1149)
	at org.testng.TestNG.run(TestNG.java:1057)
	at org.testng.remote.RemoteTestNG.run(RemoteTestNG.java:111)
	at org.testng.remote.RemoteTestNG.initAndRun(RemoteTestNG.java:204)
	at org.testng.remote.RemoteTestNG.main(RemoteTestNG.java:175)
]]>
            </full-stacktrace>
          </exception> <!-- org.openqa.selenium.NoSuchElementException -->
          <reporter-output>
          </reporter-output>
        </test-method> <!-- test2 -->
        <test-method status="PASS" signature="After1()[pri:0, instance:com.wbl.tests.Mobile.RegistrationPageTest@3c5a99da]" name="After1" is-config="true" duration-ms="8210" started-at="2015-10-16T04:34:42Z" finished-at="2015-10-16T04:34:50Z">
          <reporter-output>
          </reporter-output>
        </test-method> <!-- After1 -->
      </class> <!-- com.wbl.tests.Mobile.RegistrationPageTest -->
    </test> <!-- Default test -->
  </suite> <!-- Default suite -->
</testng-results>
